<?xml version="1.0" encoding="UTF-8"?>
<testsuite name="tests.AddNewCar" tests="1" skipped="0" failures="0" errors="0" timestamp="2022-07-31T13:06:57" hostname="MBP-Taya.lan" time="10.604">
  <properties/>
  <testcase name="addNewCarSuccess" classname="tests.AddNewCar" time="10.604"/>
  <system-out><![CDATA[16:06:57.801  INFO  tests.TestBase - Start test with name --->addNewCarSuccess
16:06:57.804  INFO  manager.MyListener - New Before find by --> By.xpath: //a[text()=' Logout ']
16:06:58.834  INFO  manager.MyListener - WebDriver start find element -->By.id: 1
16:06:59.143  INFO  manager.MyListener - WebDriver start find element -->By.id: pickUpPlace
16:06:59.504  INFO  manager.MyListener - WebDriver start find element -->By.cssSelector: div.pac-item
16:07:01.110  INFO  manager.MyListener - WebDriver start find element -->By.id: make
16:07:01.376  INFO  manager.MyListener - WebDriver start find element -->By.id: model
16:07:01.628  INFO  manager.MyListener - WebDriver start find element -->By.id: year
16:07:01.900  INFO  manager.MyListener - WebDriver start find element -->By.id: engine
16:07:02.149  INFO  manager.MyListener - WebDriver start find element -->By.id: fuel
16:07:02.429  INFO  manager.MyListener - WebDriver start find element -->By.id: gear
16:07:02.692  INFO  manager.MyListener - WebDriver start find element -->By.id: wheelsDrive
16:07:02.956  INFO  manager.MyListener - WebDriver start find element -->By.id: doors
16:07:03.199  INFO  manager.MyListener - WebDriver start find element -->By.id: seats
16:07:03.453  INFO  manager.MyListener - WebDriver start find element -->By.id: class
16:07:03.702  INFO  manager.MyListener - WebDriver start find element -->By.id: fuelConsumption
16:07:03.961  INFO  manager.MyListener - WebDriver start find element -->By.id: serialNumber
16:07:04.229  INFO  manager.MyListener - WebDriver start find element -->By.id: price
16:07:04.479  INFO  manager.MyListener - WebDriver start find element -->By.id: distance
16:07:04.740  INFO  manager.MyListener - WebDriver start find element -->By.cssSelector: input[placeholder='Type feature']
16:07:04.993  INFO  manager.MyListener - WebDriver start find element -->By.id: about
16:07:05.253  INFO  manager.MyListener - WebDriver start find element -->By.id: photos
16:07:05.304  INFO  manager.MyListener - WebDriver start find element -->By.cssSelector: button[type='submit']
16:07:06.919  INFO  manager.MyListener - WebDriver start find element -->By.cssSelector: button[type='submit']
16:07:07.164  INFO  manager.MyListener - WebDriver start find element -->By.cssSelector: div.dialog-container
16:07:08.406  INFO  manager.MyListener - WebDriver start find element -->By.cssSelector: div.dialog-container h1
16:07:08.432  INFO  manager.MyListener - WebDriver start find element -->By.xpath: //button[text()='Search cars']
]]></system-out>
  <system-err><![CDATA[JavaScript error: resource://gre/modules/XULStore.jsm, line 66: Error: Can't find profile directory.
JavaScript error: resource://gre/modules/XULStore.jsm, line 66: Error: Can't find profile directory.
1659272820401	Marionette	WARN	TimedPromise timed out after 500 ms: stacktrace:
TimedPromise/<@chrome://remote/content/marionette/sync.js:235:19
TimedPromise@chrome://remote/content/marionette/sync.js:220:10
interaction.flushEventLoop@chrome://remote/content/marionette/interaction.js:431:10
webdriverClickElement@chrome://remote/content/marionette/interaction.js:179:31
]]></system-err>
</testsuite>
