<?xml version="1.0" encoding="UTF-8"?>
<testsuite name="tests.RegistrationTests" tests="1" skipped="0" failures="0" errors="0" timestamp="2022-07-31T13:06:55" hostname="MBP-Taya.lan" time="2.196">
  <properties/>
  <testcase name="registrationSuccess" classname="tests.RegistrationTests" time="2.196"/>
  <system-out><![CDATA[16:06:54.979  INFO  tests.TestBase - Start test with name --->registrationSuccess
16:06:54.982  INFO  manager.MyListener - New Before find by --> By.xpath: //a[text()=' Logout ']
16:06:55.005  INFO  manager.MyListener - WebDriver start find element -->By.xpath: //a[text()=' Logout ']
16:06:55.313  INFO  manager.MyListener - WebDriver start find element -->By.xpath: //a[text()=' Sign up ']
16:06:55.601  INFO  manager.MyListener - WebDriver start find element -->By.id: name
16:06:55.871  INFO  manager.MyListener - WebDriver start find element -->By.id: lastName
16:06:56.145  INFO  manager.MyListener - WebDriver start find element -->By.id: email
16:06:56.436  INFO  manager.MyListener - WebDriver start find element -->By.id: password
16:06:56.702  INFO  manager.MyListener - WebDriver start find element -->By.cssSelector: label[for='terms-of-use']
16:06:56.880  INFO  manager.MyListener - WebDriver start find element -->By.cssSelector: button[type='submit']
16:06:56.937  INFO  manager.MyListener - WebDriver start find element -->By.cssSelector: button[type='submit']
16:06:57.177  INFO  manager.MyListener - WebDriver start find element -->By.cssSelector: div.dialog-container
16:06:57.464  INFO  manager.MyListener - WebDriver start find element -->By.cssSelector: div.dialog-container h1
16:06:57.504  INFO  manager.MyListener - New Before find by --> By.xpath: //button[text()='Ok']
16:06:57.535  INFO  manager.MyListener - WebDriver start find element -->By.xpath: //button[text()='Ok']
]]></system-out>
  <system-err><![CDATA[console.warn: LoginRecipes: "getRecipes: falling back to a synchronous message for:" "https://ilcarro-1578153671498.web.app"
JavaScript error: resource://gre/modules/LoginManagerParent.jsm, line 136: TypeError: gRecipeManager is null
console.warn: LoginRecipes: "getRecipes: falling back to a synchronous message for:" "https://ilcarro-1578153671498.web.app"
JavaScript error: resource://gre/modules/LoginManagerParent.jsm, line 136: TypeError: gRecipeManager is null
Jul 31, 2022 4:06:56 PM org.openqa.selenium.interactions.Actions moveToElement
INFO: When using the W3C Action commands, offsets are from the element's in-view center point
console.warn: LoginRecipes: "getRecipes: falling back to a synchronous message for:" "https://ilcarro-1578153671498.web.app"
JavaScript error: resource://gre/modules/LoginManagerParent.jsm, line 136: TypeError: gRecipeManager is null
console.warn: LoginRecipes: "getRecipes: falling back to a synchronous message for:" "https://ilcarro-1578153671498.web.app"
JavaScript error: resource://gre/modules/LoginManagerParent.jsm, line 136: TypeError: gRecipeManager is null
]]></system-err>
</testsuite>
