<?xml version="1.0" encoding="UTF-8"?>
<testsuite name="tests.LoginTests" tests="1" skipped="0" failures="0" errors="0" timestamp="2022-07-31T13:06:51" hostname="MBP-Taya.lan" time="2.873">
  <properties/>
  <testcase name="loginSuccess2" classname="tests.LoginTests" time="2.873"/>
  <system-out><![CDATA[16:06:46.771  INFO  tests.TestBase - Start test with name --->loginSuccess2
16:06:46.773  INFO  manager.MyListener - New Before find by --> By.xpath: //a[text()=' Logout ']
16:06:51.811  INFO  manager.MyListener - WebDriver start find element -->By.xpath: //a[text()=' Log in ']
16:06:52.131  INFO  manager.MyListener - WebDriver start find element -->By.id: email
16:06:53.125  INFO  manager.MyListener - WebDriver start find element -->By.id: password
16:06:53.414  INFO  manager.MyListener - WebDriver start find element -->By.cssSelector: button[type='submit']
16:06:53.500  INFO  manager.MyListener - WebDriver start find element -->By.cssSelector: button[type='submit']
16:06:53.762  INFO  manager.MyListener - WebDriver start find element -->By.cssSelector: div.dialog-container
16:06:54.636  INFO  manager.MyListener - WebDriver start find element -->By.cssSelector: div.dialog-container h1
16:06:54.686  INFO  manager.MyListener - New Before find by --> By.xpath: //button[text()='Ok']
16:06:54.713  INFO  manager.MyListener - WebDriver start find element -->By.xpath: //button[text()='Ok']
]]></system-out>
  <system-err><![CDATA[console.warn: LoginRecipes: "getRecipes: falling back to a synchronous message for:" "https://ilcarro-1578153671498.web.app"
JavaScript error: resource://gre/modules/LoginManagerParent.jsm, line 136: TypeError: gRecipeManager is null
]]></system-err>
</testsuite>
